<?xml version="1.0" encoding="UTF-8"?>
<!-- Generated by org.testng.reporters.JUnitXMLReporter -->
<testsuite ignored="1" hostname="PSchandi-Surface" failures="0" tests="2" name="Groups" time="20.307" errors="0" timestamp="2025-05-12T14:55:58 MST">
  <testcase classname="testCases.TC001_AccountSignupTest" name="verify_account_signup" time="10.689"/>
  <testcase classname="testCases.TC002_AccountLoginTest" name="verifyLogin" time="3.327"/>
  <testcase classname="testCases.TC003_AccountLoginDDT1" name="VerifyLoginDDT" time="0.0">
    <ignored/>
  </testcase> <!-- VerifyLoginDDT -->
</testsuite> <!-- Groups -->
