<?xml version="1.0" encoding="UTF-8"?>
<testng-results ignored="0" total="1" passed="1" failed="0" skipped="0">
  <reporter-output>
  </reporter-output>
  <suite started-at="2025-05-14T14:31:59 MST" name="Suite" finished-at="2025-05-14T14:32:15 MST" duration-ms="16111">
    <groups>
      <group name="Master">
        <method signature="TC001_AccountSignupTest.verify_account_signup()[pri:0, instance:testCases.TC001_AccountSignupTest@134d26af]" name="verify_account_signup" class="testCases.TC001_AccountSignupTest"/>
      </group> <!-- Master -->
      <group name="Sanity">
        <method signature="TC001_AccountSignupTest.verify_account_signup()[pri:0, instance:testCases.TC001_AccountSignupTest@134d26af]" name="verify_account_signup" class="testCases.TC001_AccountSignupTest"/>
      </group> <!-- Sanity -->
    </groups>
    <test started-at="2025-05-14T14:31:59 MST" name="Master" finished-at="2025-05-14T14:32:15 MST" duration-ms="16111">
      <class name="testCases.TC001_AccountSignupTest">
        <test-method is-config="true" signature="setup(java.lang.String,java.lang.String)[pri:0, instance:testCases.TC001_AccountSignupTest@134d26af]" started-at="2025-05-14T14:31:59 MST" name="setup" finished-at="2025-05-14T14:32:03 MST" duration-ms="4065" status="PASS">
          <params>
            <param index="0">
              <value>
                <![CDATA[windows]]>
              </value>
            </param>
            <param index="1">
              <value>
                <![CDATA[chrome]]>
              </value>
            </param>
          </params>
          <reporter-output>
          </reporter-output>
        </test-method> <!-- setup -->
        <test-method signature="verify_account_signup()[pri:0, instance:testCases.TC001_AccountSignupTest@134d26af]" started-at="2025-05-14T14:32:03 MST" name="verify_account_signup" finished-at="2025-05-14T14:32:15 MST" duration-ms="11566" status="PASS">
          <reporter-output>
          </reporter-output>
        </test-method> <!-- verify_account_signup -->
        <test-method is-config="true" signature="tearDown()[pri:0, instance:testCases.TC001_AccountSignupTest@134d26af]" started-at="2025-05-14T14:32:15 MST" name="tearDown" finished-at="2025-05-14T14:32:15 MST" duration-ms="422" status="PASS">
          <reporter-output>
          </reporter-output>
        </test-method> <!-- tearDown -->
      </class> <!-- testCases.TC001_AccountSignupTest -->
    </test> <!-- Master -->
  </suite> <!-- Suite -->
</testng-results>
